inv_123 {inv_123 3}
----------------------------------------
Local interconnect width < 0.17um (li.1)
----------------------------------------
 0.150 0.650 0.220 0.750
 0.050 0.750 0.150 0.820
----------------------------------------
P-diffusion contact width < 0.17um (licon.1)
----------------------------------------
 0.150 0.650 0.220 0.750
 0.050 0.750 0.150 0.820
----------------------------------------
Core local interconnect width < 0.14um (li.c1)
----------------------------------------
 0.150 0.650 0.190 0.750
 0.050 0.750 0.150 0.790
----------------------------------------
Local interconnect overlap of diffusion contact < 0.08um in one direction (li.5)
----------------------------------------
 -0.030 0.670 0.000 0.750
 -0.030 0.650 0.000 0.730
 0.000 0.670 0.050 0.750
 0.150 0.670 0.230 0.750
 0.050 0.750 0.130 0.830
 0.050 0.570 0.130 0.650
 0.000 0.650 0.050 0.730
 0.150 0.650 0.230 0.730
 0.070 0.750 0.150 0.830
 0.070 0.570 0.150 0.650
----------------------------------------
Local interconnect minimum area < 0.0561um^2 (li.6)
----------------------------------------
 0.050 0.650 0.150 0.750
 0.050 0.650 0.150 0.750
----------------------------------------

